  AlgorithmApp.cpp
E:\Private\KyeongMin\경민\대학\2학년\2학기\Algorithm\Activity\AlgorithmApp\AlgorithmApp\AlgorithmApp.cpp(114,35): warning C4244: '인수': 'uintmax_t'에서 'const size_t'(으)로 변환하면서 데이터가 손실될 수 있습니다.
E:\Private\KyeongMin\경민\대학\2학년\2학기\Algorithm\Activity\AlgorithmApp\AlgorithmApp\AlgorithmApp.cpp(247,21): warning C4018: '<': signed 또는 unsigned가 일치하지 않습니다.
E:\Private\KyeongMin\경민\대학\2학년\2학기\Algorithm\Activity\AlgorithmApp\AlgorithmApp\AlgorithmApp.cpp(261,35): warning C4244: '인수': 'uintmax_t'에서 'const size_t'(으)로 변환하면서 데이터가 손실될 수 있습니다.
E:\Private\KyeongMin\경민\대학\2학년\2학기\Algorithm\Activity\AlgorithmApp\AlgorithmApp\AlgorithmApp.cpp(265,21): warning C4244: '초기화 중': 'uintmax_t'에서 'int'(으)로 변환하면서 데이터가 손실될 수 있습니다.
E:\Private\KyeongMin\경민\대학\2학년\2학기\Algorithm\Activity\AlgorithmApp\AlgorithmApp\AlgorithmApp.cpp(295,23): warning C4018: '<': signed 또는 unsigned가 일치하지 않습니다.
C:\Program Files (x86)\Microsoft Visual Studio\2019\Community\VC\Tools\MSVC\14.29.30133\include\type_traits(1595,98): warning C4244: '인수': 'unsigned __int64'에서 'int'(으)로 변환하면서 데이터가 손실될 수 있습니다.
C:\Program Files (x86)\Microsoft Visual Studio\2019\Community\VC\Tools\MSVC\14.29.30133\include\future(1456): message : 컴파일되는 함수 템플릿 인스턴스화 '_Ret std::invoke<std::function<_Ty>,char*,unsigned __int64,unsigned __int64>(_Callable &&,_Ty1 &&,unsigned __int64 &&,unsigned __int64 &&) noexcept(false)'에 대한 참조를 확인하세요.
          with
          [
              _Ret=void,
              _Ty=void (const char *,unsigned __int64,int),
              _Callable=std::function<void (const char *,unsigned __int64,int)>,
              _Ty1=char *
          ]
C:\Program Files (x86)\Microsoft Visual Studio\2019\Community\VC\Tools\MSVC\14.29.30133\include\future(1463): message : 컴파일되는 함수 템플릿 인스턴스화 '_Ret std::_Invoke_stored_explicit<std::function<_Ty>,char*,unsigned __int64,unsigned __int64,0,1,2,3>(std::tuple<std::function<_Ty>,char *,unsigned __int64,unsigned __int64> &&,std::integer_sequence<size_t,0,1,2,3>)'에 대한 참조를 확인하세요.
          with
          [
              _Ret=void,
              _Ty=void (const char *,unsigned __int64,int)
          ]
C:\Program Files (x86)\Microsoft Visual Studio\2019\Community\VC\Tools\MSVC\14.29.30133\include\future(1490): message : 컴파일되는 함수 템플릿 인스턴스화 '_Ret std::_Invoke_stored<std::function<_Ty>,char*,unsigned __int64,unsigned __int64>(std::tuple<std::function<_Ty>,char *,unsigned __int64,unsigned __int64> &&)'에 대한 참조를 확인하세요.
          with
          [
              _Ret=void,
              _Ty=void (const char *,unsigned __int64,int)
          ]
C:\Program Files (x86)\Microsoft Visual Studio\2019\Community\VC\Tools\MSVC\14.29.30133\include\future(1490): message : 클래스 템플릿 멤버 함수 '_Ret std::_Fake_no_copy_callable_adapter<_Fty,char *,unsigned __int64 &,const _Ty &>::operator ()(void)'을(를) 컴파일하는 중입니다.
          with
          [
              _Ret=void,
              _Fty=std::function<void (const char *,unsigned __int64,int)> &,
              _Ty=unsigned __int64
          ]
C:\Program Files (x86)\Microsoft Visual Studio\2019\Community\VC\Tools\MSVC\14.29.30133\include\type_traits(1585): message : 컴파일되는 함수 템플릿 인스턴스화 '_Ret std::_Fake_no_copy_callable_adapter<_Fty,char *,unsigned __int64 &,const _Ty &>::operator ()(void)'에 대한 참조를 확인하세요.
          with
          [
              _Ret=void,
              _Fty=std::function<void (const char *,unsigned __int64,int)> &,
              _Ty=unsigned __int64
          ]
C:\Program Files (x86)\Microsoft Visual Studio\2019\Community\VC\Tools\MSVC\14.29.30133\include\future(1512): message : 컴파일되는 클래스 템플릿 인스턴스화 'std::_Fake_no_copy_callable_adapter<_Fty,char *,unsigned __int64 &,const _Ty &>'에 대한 참조를 확인하세요.
          with
          [
              _Fty=std::function<void (const char *,unsigned __int64,int)> &,
              _Ty=unsigned __int64
          ]
E:\Private\KyeongMin\경민\대학\2학년\2학기\Algorithm\Activity\AlgorithmApp\AlgorithmApp\AlgorithmApp.cpp(129): message : 컴파일되는 함수 템플릿 인스턴스화 'std::future<void> std::async<std::function<_Ty>&,char*,unsigned __int64&,const unsigned __int64&>(std::launch,_Fty,char *&&,unsigned __int64 &,const unsigned __int64 &)'에 대한 참조를 확인하세요.
          with
          [
              _Ty=void (const char *,unsigned __int64,int),
              _Fty=std::function<void (const char *,unsigned __int64,int)> &
          ]
  코드를 생성하고 있습니다.
  5 of 1981 functions ( 0.3%) were compiled, the rest were copied from previous compilation.
    0 functions were new in current compilation
    27 functions had inline decision re-evaluated but remain unchanged
  코드를 생성했습니다.
  AlgorithmApp.vcxproj -> E:\Private\KyeongMin\경민\대학\2학년\2학기\Algorithm\Activity\AlgorithmApp\Release\AlgorithmApp.exe
